TN:
SF:/home/biswajit/Lipu/ethers-js-hardhat/hardhat-raffle/contracts/Raffle.sol
FN:46,constructor
FN:57,enterRaffle
FN:78,checkUpkeep
FN:88,performUpkeep
FN:109,fulfillRandomWords
FN:125,getEntranceFee
FN:129,getPlayer
FN:133,getRecentWinner
FN:137,getRaffleState
FN:142,getNumWords
FN:146,getNumberOfPlayers
FN:150,getLatestTimestamp
FN:154,getLatestConfirmations
FN:158,getInterval
FNF:14
FNH:8
FNDA:3,constructor
FNDA:5,enterRaffle
FNDA:1,checkUpkeep
FNDA:1,performUpkeep
FNDA:0,fulfillRandomWords
FNDA:10,getEntranceFee
FNDA:1,getPlayer
FNDA:0,getRecentWinner
FNDA:1,getRaffleState
FNDA:0,getNumWords
FNDA:0,getNumberOfPlayers
FNDA:0,getLatestTimestamp
FNDA:0,getLatestConfirmations
FNDA:9,getInterval
DA:47,3
DA:48,3
DA:49,3
DA:50,3
DA:51,3
DA:52,3
DA:53,3
DA:54,3
DA:58,5
DA:59,1
DA:61,4
DA:62,1
DA:64,3
DA:65,3
DA:81,1
DA:82,1
DA:83,1
DA:84,1
DA:85,1
DA:89,1
DA:91,1
DA:92,0
DA:98,1
DA:99,1
DA:106,1
DA:113,0
DA:114,0
DA:115,0
DA:116,0
DA:117,0
DA:118,0
DA:119,0
DA:120,0
DA:122,0
DA:126,10
DA:130,1
DA:134,0
DA:138,1
DA:143,0
DA:147,0
DA:151,0
DA:155,0
DA:159,9
LF:43
LH:28
BRDA:58,1,0,1
BRDA:58,1,1,4
BRDA:61,2,0,1
BRDA:61,2,1,3
BRDA:91,3,0,0
BRDA:91,3,1,1
BRDA:119,4,0,0
BRDA:119,4,1,0
BRF:8
BRH:5
end_of_record
TN:
SF:/home/biswajit/Lipu/ethers-js-hardhat/hardhat-raffle/contracts/test/VRFCoordinatorV2Mock.sol
FNF:0
FNH:0
LF:0
LH:0
BRF:0
BRH:0
end_of_record
