{"contracts/Raffle.sol":{"l":{"47":3,"48":3,"49":3,"50":3,"51":3,"52":3,"53":3,"54":3,"58":5,"59":1,"61":4,"62":1,"64":3,"65":3,"81":1,"82":1,"83":1,"84":1,"85":1,"89":1,"91":1,"92":0,"98":1,"99":1,"106":1,"113":0,"114":0,"115":0,"116":0,"117":0,"118":0,"119":0,"120":0,"122":0,"126":10,"130":1,"134":0,"138":1,"143":0,"147":0,"151":0,"155":0,"159":9},"path":"/home/biswajit/Lipu/ethers-js-hardhat/hardhat-raffle/contracts/Raffle.sol","s":{"1":5,"2":4,"3":3,"4":3,"5":1,"6":1,"7":1,"8":1,"9":1,"10":1,"11":1,"12":1,"13":1,"14":0,"15":0,"16":0,"17":0,"18":10,"19":1,"20":0,"21":1,"22":0,"23":0,"24":0,"25":0,"26":9},"b":{"1":[1,4],"2":[1,3],"3":[0,1],"4":[0,0]},"f":{"1":3,"2":5,"3":1,"4":1,"5":0,"6":10,"7":1,"8":0,"9":1,"10":0,"11":0,"12":0,"13":0,"14":9},"fnMap":{"1":{"name":"constructor","line":46,"loc":{"start":{"line":39,"column":4},"end":{"line":55,"column":4}}},"2":{"name":"enterRaffle","line":57,"loc":{"start":{"line":57,"column":4},"end":{"line":66,"column":4}}},"3":{"name":"checkUpkeep","line":78,"loc":{"start":{"line":78,"column":4},"end":{"line":86,"column":4}}},"4":{"name":"performUpkeep","line":88,"loc":{"start":{"line":88,"column":4},"end":{"line":107,"column":4}}},"5":{"name":"fulfillRandomWords","line":109,"loc":{"start":{"line":109,"column":4},"end":{"line":123,"column":4}}},"6":{"name":"getEntranceFee","line":125,"loc":{"start":{"line":125,"column":4},"end":{"line":127,"column":4}}},"7":{"name":"getPlayer","line":129,"loc":{"start":{"line":129,"column":4},"end":{"line":131,"column":4}}},"8":{"name":"getRecentWinner","line":133,"loc":{"start":{"line":133,"column":4},"end":{"line":135,"column":4}}},"9":{"name":"getRaffleState","line":137,"loc":{"start":{"line":137,"column":4},"end":{"line":139,"column":4}}},"10":{"name":"getNumWords","line":142,"loc":{"start":{"line":142,"column":4},"end":{"line":144,"column":4}}},"11":{"name":"getNumberOfPlayers","line":146,"loc":{"start":{"line":146,"column":4},"end":{"line":148,"column":4}}},"12":{"name":"getLatestTimestamp","line":150,"loc":{"start":{"line":150,"column":4},"end":{"line":152,"column":4}}},"13":{"name":"getLatestConfirmations","line":154,"loc":{"start":{"line":154,"column":4},"end":{"line":156,"column":4}}},"14":{"name":"getInterval","line":158,"loc":{"start":{"line":158,"column":4},"end":{"line":160,"column":4}}}},"statementMap":{"1":{"start":{"line":58,"column":8},"end":{"line":58,"column":2156}},"2":{"start":{"line":61,"column":8},"end":{"line":61,"column":2254}},"3":{"start":{"line":64,"column":8},"end":{"line":64,"column":42}},"4":{"start":{"line":65,"column":8},"end":{"line":65,"column":36}},"5":{"start":{"line":81,"column":8},"end":{"line":81,"column":57}},"6":{"start":{"line":82,"column":8},"end":{"line":82,"column":74}},"7":{"start":{"line":83,"column":8},"end":{"line":83,"column":52}},"8":{"start":{"line":84,"column":8},"end":{"line":84,"column":51}},"9":{"start":{"line":85,"column":8},"end":{"line":85,"column":77}},"10":{"start":{"line":89,"column":8},"end":{"line":89,"column":47}},"11":{"start":{"line":91,"column":8},"end":{"line":91,"column":3582}},"12":{"start":{"line":99,"column":8},"end":{"line":99,"column":3842}},"13":{"start":{"line":106,"column":8},"end":{"line":106,"column":43}},"14":{"start":{"line":113,"column":8},"end":{"line":113,"column":65}},"15":{"start":{"line":118,"column":8},"end":{"line":118,"column":89}},"16":{"start":{"line":119,"column":8},"end":{"line":119,"column":4580}},"17":{"start":{"line":122,"column":8},"end":{"line":122,"column":41}},"18":{"start":{"line":126,"column":8},"end":{"line":126,"column":28}},"19":{"start":{"line":130,"column":8},"end":{"line":130,"column":31}},"20":{"start":{"line":134,"column":8},"end":{"line":134,"column":29}},"21":{"start":{"line":138,"column":8},"end":{"line":138,"column":28}},"22":{"start":{"line":143,"column":8},"end":{"line":143,"column":24}},"23":{"start":{"line":147,"column":8},"end":{"line":147,"column":31}},"24":{"start":{"line":151,"column":8},"end":{"line":151,"column":30}},"25":{"start":{"line":155,"column":8},"end":{"line":155,"column":36}},"26":{"start":{"line":159,"column":8},"end":{"line":159,"column":25}}},"branchMap":{"1":{"line":58,"type":"if","locations":[{"start":{"line":58,"column":8},"end":{"line":58,"column":8}},{"start":{"line":58,"column":8},"end":{"line":58,"column":8}}]},"2":{"line":61,"type":"if","locations":[{"start":{"line":61,"column":8},"end":{"line":61,"column":8}},{"start":{"line":61,"column":8},"end":{"line":61,"column":8}}]},"3":{"line":91,"type":"if","locations":[{"start":{"line":91,"column":8},"end":{"line":91,"column":8}},{"start":{"line":91,"column":8},"end":{"line":91,"column":8}}]},"4":{"line":119,"type":"if","locations":[{"start":{"line":119,"column":8},"end":{"line":119,"column":8}},{"start":{"line":119,"column":8},"end":{"line":119,"column":8}}]}}},"contracts/test/VRFCoordinatorV2Mock.sol":{"l":{},"path":"/home/biswajit/Lipu/ethers-js-hardhat/hardhat-raffle/contracts/test/VRFCoordinatorV2Mock.sol","s":{},"b":{},"f":{},"fnMap":{},"statementMap":{},"branchMap":{}}}